<?xml version="1.0" encoding="UTF-8"?>
<testng-results ignored="0" total="1" passed="1" failed="0" skipped="0">
  <reporter-output>
  </reporter-output>
  <suite started-at="2026-04-11T15:39:42 IST" name="Default suite" finished-at="2026-04-11T15:40:46 IST" duration-ms="63410">
    <groups>
    </groups>
    <test started-at="2026-04-11T15:39:42 IST" name="Default test" finished-at="2026-04-11T15:40:46 IST" duration-ms="63410">
      <class name="com.unified.automation.framework.tests.DummyClass">
        <test-method is-config="true" signature="setup()[pri:0, instance:com.unified.automation.framework.tests.DummyClass@2f7298b]" started-at="2026-04-11T15:39:42 IST" name="setup" finished-at="2026-04-11T15:40:45 IST" duration-ms="62898" status="PASS">
          <reporter-output>
          </reporter-output>
        </test-method> <!-- setup -->
        <test-method signature="dummyTest()[pri:0, instance:com.unified.automation.framework.tests.DummyClass@2f7298b]" started-at="2026-04-11T15:40:45 IST" name="dummyTest" finished-at="2026-04-11T15:40:45 IST" duration-ms="39" status="PASS">
          <reporter-output>
          </reporter-output>
        </test-method> <!-- dummyTest -->
        <test-method is-config="true" signature="tearDown()[pri:0, instance:com.unified.automation.framework.tests.DummyClass@2f7298b]" started-at="2026-04-11T15:40:45 IST" name="tearDown" finished-at="2026-04-11T15:40:46 IST" duration-ms="413" status="PASS">
          <reporter-output>
          </reporter-output>
        </test-method> <!-- tearDown -->
      </class> <!-- com.unified.automation.framework.tests.DummyClass -->
    </test> <!-- Default test -->
  </suite> <!-- Default suite -->
</testng-results>
